Analysis & Synthesis report for SixteenBitTwosComp
Thu Oct 14 19:11:17 2021
Quartus Prime Version 18.1.0 Build 625 09/12/2018 SJ Lite Edition


---------------------
; Table of Contents ;
---------------------
  1. Legal Notice
  2. Analysis & Synthesis Summary
  3. Analysis & Synthesis Settings
  4. Parallel Compilation
  5. Analysis & Synthesis Source Files Read
  6. Analysis & Synthesis Resource Usage Summary
  7. Analysis & Synthesis Resource Utilization by Entity
  8. General Register Statistics
  9. Port Connectivity Checks: "SixteenBitAdder:A0"
 10. Analysis & Synthesis Messages



----------------
; Legal Notice ;
----------------
Copyright (C) 2018  Intel Corporation. All rights reserved.
Your use of Intel Corporation's design tools, logic functions 
and other software and tools, and its AMPP partner logic 
functions, and any output files from any of the foregoing 
(including device programming or simulation files), and any 
associated documentation or information are expressly subject 
to the terms and conditions of the Intel Program License 
Subscription Agreement, the Intel Quartus Prime License Agreement,
the Intel FPGA IP License Agreement, or other applicable license
agreement, including, without limitation, that your use is for
the sole purpose of programming logic devices manufactured by
Intel and sold by Intel or its authorized distributors.  Please
refer to the applicable agreement for further details.



+---------------------------------------------------------------------------+
; Analysis & Synthesis Summary                                              ;
+-----------------------------+---------------------------------------------+
; Analysis & Synthesis Status ; Successful - Thu Oct 14 19:11:17 2021       ;
; Quartus Prime Version       ; 18.1.0 Build 625 09/12/2018 SJ Lite Edition ;
; Revision Name               ; SixteenBitTwosComp                          ;
; Top-level Entity Name       ; SixteenBitTwosComp                          ;
; Family                      ; MAX V                                       ;
; Total logic elements        ; 22                                          ;
; Total pins                  ; 34                                          ;
; Total virtual pins          ; 0                                           ;
; UFM blocks                  ; 0 / 1 ( 0 % )                               ;
+-----------------------------+---------------------------------------------+


+------------------------------------------------------------------------------------------------------------+
; Analysis & Synthesis Settings                                                                              ;
+------------------------------------------------------------------+--------------------+--------------------+
; Option                                                           ; Setting            ; Default Value      ;
+------------------------------------------------------------------+--------------------+--------------------+
; Top-level entity name                                            ; SixteenBitTwosComp ; SixteenBitTwosComp ;
; Family name                                                      ; MAX V              ; Cyclone V          ;
; Use smart compilation                                            ; Off                ; Off                ;
; Enable parallel Assembler and Timing Analyzer during compilation ; On                 ; On                 ;
; Enable compact report table                                      ; Off                ; Off                ;
; Restructure Multiplexers                                         ; Auto               ; Auto               ;
; Create Debugging Nodes for IP Cores                              ; Off                ; Off                ;
; Preserve fewer node names                                        ; On                 ; On                 ;
; Intel FPGA IP Evaluation Mode                                    ; Enable             ; Enable             ;
; Verilog Version                                                  ; Verilog_2001       ; Verilog_2001       ;
; VHDL Version                                                     ; VHDL_1993          ; VHDL_1993          ;
; State Machine Processing                                         ; Auto               ; Auto               ;
; Safe State Machine                                               ; Off                ; Off                ;
; Extract Verilog State Machines                                   ; On                 ; On                 ;
; Extract VHDL State Machines                                      ; On                 ; On                 ;
; Ignore Verilog initial constructs                                ; Off                ; Off                ;
; Iteration limit for constant Verilog loops                       ; 5000               ; 5000               ;
; Iteration limit for non-constant Verilog loops                   ; 250                ; 250                ;
; Add Pass-Through Logic to Inferred RAMs                          ; On                 ; On                 ;
; Infer RAMs from Raw Logic                                        ; On                 ; On                 ;
; Parallel Synthesis                                               ; On                 ; On                 ;
; NOT Gate Push-Back                                               ; On                 ; On                 ;
; Power-Up Don't Care                                              ; On                 ; On                 ;
; Remove Redundant Logic Cells                                     ; Off                ; Off                ;
; Remove Duplicate Registers                                       ; On                 ; On                 ;
; Ignore CARRY Buffers                                             ; Off                ; Off                ;
; Ignore CASCADE Buffers                                           ; Off                ; Off                ;
; Ignore GLOBAL Buffers                                            ; Off                ; Off                ;
; Ignore ROW GLOBAL Buffers                                        ; Off                ; Off                ;
; Ignore LCELL Buffers                                             ; Off                ; Off                ;
; Ignore SOFT Buffers                                              ; On                 ; On                 ;
; Limit AHDL Integers to 32 Bits                                   ; Off                ; Off                ;
; Optimization Technique                                           ; Balanced           ; Balanced           ;
; Carry Chain Length                                               ; 70                 ; 70                 ;
; Auto Carry Chains                                                ; On                 ; On                 ;
; Auto Open-Drain Pins                                             ; On                 ; On                 ;
; Perform WYSIWYG Primitive Resynthesis                            ; Off                ; Off                ;
; Auto Shift Register Replacement                                  ; Auto               ; Auto               ;
; Allow Shift Register Merging across Hierarchies                  ; Auto               ; Auto               ;
; Auto Clock Enable Replacement                                    ; On                 ; On                 ;
; Allow Synchronous Control Signals                                ; On                 ; On                 ;
; Force Use of Synchronous Clear Signals                           ; Off                ; Off                ;
; Auto Resource Sharing                                            ; Off                ; Off                ;
; Use LogicLock Constraints during Resource Balancing              ; On                 ; On                 ;
; Ignore translate_off and synthesis_off directives                ; Off                ; Off                ;
; Report Parameter Settings                                        ; On                 ; On                 ;
; Report Source Assignments                                        ; On                 ; On                 ;
; Report Connectivity Checks                                       ; On                 ; On                 ;
; Ignore Maximum Fan-Out Assignments                               ; Off                ; Off                ;
; Synchronization Register Chain Length                            ; 2                  ; 2                  ;
; Power Optimization During Synthesis                              ; Normal compilation ; Normal compilation ;
; HDL message level                                                ; Level2             ; Level2             ;
; Suppress Register Optimization Related Messages                  ; Off                ; Off                ;
; Number of Removed Registers Reported in Synthesis Report         ; 5000               ; 5000               ;
; Number of Swept Nodes Reported in Synthesis Report               ; 5000               ; 5000               ;
; Number of Inverted Registers Reported in Synthesis Report        ; 100                ; 100                ;
; Clock MUX Protection                                             ; On                 ; On                 ;
; Block Design Naming                                              ; Auto               ; Auto               ;
; Synthesis Effort                                                 ; Auto               ; Auto               ;
; Shift Register Replacement - Allow Asynchronous Clear Signal     ; On                 ; On                 ;
; Analysis & Synthesis Message Level                               ; Medium             ; Medium             ;
; Disable Register Merging Across Hierarchies                      ; Auto               ; Auto               ;
+------------------------------------------------------------------+--------------------+--------------------+


+------------------------------------------+
; Parallel Compilation                     ;
+----------------------------+-------------+
; Processors                 ; Number      ;
+----------------------------+-------------+
; Number detected on machine ; 12          ;
; Maximum allowed            ; 12          ;
;                            ;             ;
; Average used               ; 1.00        ;
; Maximum used               ; 1           ;
;                            ;             ;
; Usage by Processor         ; % Time Used ;
;     Processor 1            ; 100.0%      ;
+----------------------------+-------------+


+-----------------------------------------------------------------------------------------------------------------------------------------------------------------------------------+
; Analysis & Synthesis Source Files Read                                                                                                                                            ;
+----------------------------------+-----------------+------------------------------+-------------------------------------------------------------------------------------+---------+
; File Name with User-Entered Path ; Used in Netlist ; File Type                    ; File Name with Absolute Path                                                        ; Library ;
+----------------------------------+-----------------+------------------------------+-------------------------------------------------------------------------------------+---------+
; SixteenBitTwosComp.v             ; yes             ; User Verilog HDL File        ; C:/Users/bboys/Documents/School Work/FALL 21/ECE 465/Project 1/SixteenBitTwosComp.v ;         ;
; sixteenbitinverter.v             ; yes             ; Auto-Found Verilog HDL File  ; C:/Users/bboys/Documents/School Work/FALL 21/ECE 465/Project 1/sixteenbitinverter.v ;         ;
; fourbitinverter.v                ; yes             ; Auto-Found Verilog HDL File  ; C:/Users/bboys/Documents/School Work/FALL 21/ECE 465/Project 1/fourbitinverter.v    ;         ;
; sixteenbitadder.v                ; yes             ; Auto-Found Verilog HDL File  ; C:/Users/bboys/Documents/School Work/FALL 21/ECE 465/Project 1/sixteenbitadder.v    ;         ;
; fourbitadder.v                   ; yes             ; Auto-Found Verilog HDL File  ; C:/Users/bboys/Documents/School Work/FALL 21/ECE 465/Project 1/fourbitadder.v       ;         ;
; fulladder.v                      ; yes             ; Auto-Found Verilog HDL File  ; C:/Users/bboys/Documents/School Work/FALL 21/ECE 465/Project 1/fulladder.v          ;         ;
+----------------------------------+-----------------+------------------------------+-------------------------------------------------------------------------------------+---------+


+-----------------------------------------------------+
; Analysis & Synthesis Resource Usage Summary         ;
+---------------------------------------------+-------+
; Resource                                    ; Usage ;
+---------------------------------------------+-------+
; Total logic elements                        ; 22    ;
;     -- Combinational with no register       ; 22    ;
;     -- Register only                        ; 0     ;
;     -- Combinational with a register        ; 0     ;
;                                             ;       ;
; Logic element usage by number of LUT inputs ;       ;
;     -- 4 input functions                    ; 11    ;
;     -- 3 input functions                    ; 5     ;
;     -- 2 input functions                    ; 6     ;
;     -- 1 input functions                    ; 0     ;
;     -- 0 input functions                    ; 0     ;
;                                             ;       ;
; Logic elements by mode                      ;       ;
;     -- normal mode                          ; 22    ;
;     -- arithmetic mode                      ; 0     ;
;     -- qfbk mode                            ; 0     ;
;     -- register cascade mode                ; 0     ;
;     -- synchronous clear/load mode          ; 0     ;
;     -- asynchronous clear/load mode         ; 0     ;
;                                             ;       ;
; Total registers                             ; 0     ;
; I/O pins                                    ; 34    ;
; Maximum fan-out node                        ; cin   ;
; Maximum fan-out                             ; 4     ;
; Total fan-out                               ; 88    ;
; Average fan-out                             ; 1.57  ;
+---------------------------------------------+-------+


+-------------------------------------------------------------------------------------------------------------------------------------------------------------------------------------------------------------------------------------------------------------------------------------------+
; Analysis & Synthesis Resource Utilization by Entity                                                                                                                                                                                                                                       ;
+----------------------------+-------------+--------------+------------+------+--------------+--------------+-------------------+------------------+-----------------+------------+---------------------------------------------------------------------+--------------------+--------------+
; Compilation Hierarchy Node ; Logic Cells ; LC Registers ; UFM Blocks ; Pins ; Virtual Pins ; LUT-Only LCs ; Register-Only LCs ; LUT/Register LCs ; Carry Chain LCs ; Packed LCs ; Full Hierarchy Name                                                 ; Entity Name        ; Library Name ;
+----------------------------+-------------+--------------+------------+------+--------------+--------------+-------------------+------------------+-----------------+------------+---------------------------------------------------------------------+--------------------+--------------+
; |SixteenBitTwosComp        ; 22 (0)      ; 0            ; 0          ; 34   ; 0            ; 22 (0)       ; 0 (0)             ; 0 (0)            ; 0 (0)           ; 0 (0)      ; |SixteenBitTwosComp                                                 ; SixteenBitTwosComp ; work         ;
;    |SixteenBitAdder:A0|    ; 22 (0)      ; 0            ; 0          ; 0    ; 0            ; 22 (0)       ; 0 (0)             ; 0 (0)            ; 0 (0)           ; 0 (0)      ; |SixteenBitTwosComp|SixteenBitAdder:A0                              ; SixteenBitAdder    ; work         ;
;       |FourBitAdder:U0|    ; 6 (0)       ; 0            ; 0          ; 0    ; 0            ; 6 (0)        ; 0 (0)             ; 0 (0)            ; 0 (0)           ; 0 (0)      ; |SixteenBitTwosComp|SixteenBitAdder:A0|FourBitAdder:U0              ; FourBitAdder       ; work         ;
;          |FullAdder:U0|    ; 2 (2)       ; 0            ; 0          ; 0    ; 0            ; 2 (2)        ; 0 (0)             ; 0 (0)            ; 0 (0)           ; 0 (0)      ; |SixteenBitTwosComp|SixteenBitAdder:A0|FourBitAdder:U0|FullAdder:U0 ; FullAdder          ; work         ;
;          |FullAdder:U1|    ; 1 (1)       ; 0            ; 0          ; 0    ; 0            ; 1 (1)        ; 0 (0)             ; 0 (0)            ; 0 (0)           ; 0 (0)      ; |SixteenBitTwosComp|SixteenBitAdder:A0|FourBitAdder:U0|FullAdder:U1 ; FullAdder          ; work         ;
;          |FullAdder:U2|    ; 1 (1)       ; 0            ; 0          ; 0    ; 0            ; 1 (1)        ; 0 (0)             ; 0 (0)            ; 0 (0)           ; 0 (0)      ; |SixteenBitTwosComp|SixteenBitAdder:A0|FourBitAdder:U0|FullAdder:U2 ; FullAdder          ; work         ;
;          |FullAdder:U3|    ; 2 (2)       ; 0            ; 0          ; 0    ; 0            ; 2 (2)        ; 0 (0)             ; 0 (0)            ; 0 (0)           ; 0 (0)      ; |SixteenBitTwosComp|SixteenBitAdder:A0|FourBitAdder:U0|FullAdder:U3 ; FullAdder          ; work         ;
;       |FourBitAdder:U1|    ; 5 (0)       ; 0            ; 0          ; 0    ; 0            ; 5 (0)        ; 0 (0)             ; 0 (0)            ; 0 (0)           ; 0 (0)      ; |SixteenBitTwosComp|SixteenBitAdder:A0|FourBitAdder:U1              ; FourBitAdder       ; work         ;
;          |FullAdder:U0|    ; 1 (1)       ; 0            ; 0          ; 0    ; 0            ; 1 (1)        ; 0 (0)             ; 0 (0)            ; 0 (0)           ; 0 (0)      ; |SixteenBitTwosComp|SixteenBitAdder:A0|FourBitAdder:U1|FullAdder:U0 ; FullAdder          ; work         ;
;          |FullAdder:U1|    ; 1 (1)       ; 0            ; 0          ; 0    ; 0            ; 1 (1)        ; 0 (0)             ; 0 (0)            ; 0 (0)           ; 0 (0)      ; |SixteenBitTwosComp|SixteenBitAdder:A0|FourBitAdder:U1|FullAdder:U1 ; FullAdder          ; work         ;
;          |FullAdder:U2|    ; 2 (2)       ; 0            ; 0          ; 0    ; 0            ; 2 (2)        ; 0 (0)             ; 0 (0)            ; 0 (0)           ; 0 (0)      ; |SixteenBitTwosComp|SixteenBitAdder:A0|FourBitAdder:U1|FullAdder:U2 ; FullAdder          ; work         ;
;          |FullAdder:U3|    ; 1 (1)       ; 0            ; 0          ; 0    ; 0            ; 1 (1)        ; 0 (0)             ; 0 (0)            ; 0 (0)           ; 0 (0)      ; |SixteenBitTwosComp|SixteenBitAdder:A0|FourBitAdder:U1|FullAdder:U3 ; FullAdder          ; work         ;
;       |FourBitAdder:U2|    ; 5 (0)       ; 0            ; 0          ; 0    ; 0            ; 5 (0)        ; 0 (0)             ; 0 (0)            ; 0 (0)           ; 0 (0)      ; |SixteenBitTwosComp|SixteenBitAdder:A0|FourBitAdder:U2              ; FourBitAdder       ; work         ;
;          |FullAdder:U0|    ; 1 (1)       ; 0            ; 0          ; 0    ; 0            ; 1 (1)        ; 0 (0)             ; 0 (0)            ; 0 (0)           ; 0 (0)      ; |SixteenBitTwosComp|SixteenBitAdder:A0|FourBitAdder:U2|FullAdder:U0 ; FullAdder          ; work         ;
;          |FullAdder:U1|    ; 2 (2)       ; 0            ; 0          ; 0    ; 0            ; 2 (2)        ; 0 (0)             ; 0 (0)            ; 0 (0)           ; 0 (0)      ; |SixteenBitTwosComp|SixteenBitAdder:A0|FourBitAdder:U2|FullAdder:U1 ; FullAdder          ; work         ;
;          |FullAdder:U2|    ; 1 (1)       ; 0            ; 0          ; 0    ; 0            ; 1 (1)        ; 0 (0)             ; 0 (0)            ; 0 (0)           ; 0 (0)      ; |SixteenBitTwosComp|SixteenBitAdder:A0|FourBitAdder:U2|FullAdder:U2 ; FullAdder          ; work         ;
;          |FullAdder:U3|    ; 1 (1)       ; 0            ; 0          ; 0    ; 0            ; 1 (1)        ; 0 (0)             ; 0 (0)            ; 0 (0)           ; 0 (0)      ; |SixteenBitTwosComp|SixteenBitAdder:A0|FourBitAdder:U2|FullAdder:U3 ; FullAdder          ; work         ;
;       |FourBitAdder:U3|    ; 6 (0)       ; 0            ; 0          ; 0    ; 0            ; 6 (0)        ; 0 (0)             ; 0 (0)            ; 0 (0)           ; 0 (0)      ; |SixteenBitTwosComp|SixteenBitAdder:A0|FourBitAdder:U3              ; FourBitAdder       ; work         ;
;          |FullAdder:U0|    ; 2 (2)       ; 0            ; 0          ; 0    ; 0            ; 2 (2)        ; 0 (0)             ; 0 (0)            ; 0 (0)           ; 0 (0)      ; |SixteenBitTwosComp|SixteenBitAdder:A0|FourBitAdder:U3|FullAdder:U0 ; FullAdder          ; work         ;
;          |FullAdder:U1|    ; 1 (1)       ; 0            ; 0          ; 0    ; 0            ; 1 (1)        ; 0 (0)             ; 0 (0)            ; 0 (0)           ; 0 (0)      ; |SixteenBitTwosComp|SixteenBitAdder:A0|FourBitAdder:U3|FullAdder:U1 ; FullAdder          ; work         ;
;          |FullAdder:U2|    ; 1 (1)       ; 0            ; 0          ; 0    ; 0            ; 1 (1)        ; 0 (0)             ; 0 (0)            ; 0 (0)           ; 0 (0)      ; |SixteenBitTwosComp|SixteenBitAdder:A0|FourBitAdder:U3|FullAdder:U2 ; FullAdder          ; work         ;
;          |FullAdder:U3|    ; 2 (2)       ; 0            ; 0          ; 0    ; 0            ; 2 (2)        ; 0 (0)             ; 0 (0)            ; 0 (0)           ; 0 (0)      ; |SixteenBitTwosComp|SixteenBitAdder:A0|FourBitAdder:U3|FullAdder:U3 ; FullAdder          ; work         ;
+----------------------------+-------------+--------------+------------+------+--------------+--------------+-------------------+------------------+-----------------+------------+---------------------------------------------------------------------+--------------------+--------------+
Note: For table entries with two numbers listed, the numbers in parentheses indicate the number of resources of the given type used by the specific entity alone. The numbers listed outside of parentheses indicate the total resources of the given type used by the specific entity and all of its sub-entities in the hierarchy.


+------------------------------------------------------+
; General Register Statistics                          ;
+----------------------------------------------+-------+
; Statistic                                    ; Value ;
+----------------------------------------------+-------+
; Total registers                              ; 0     ;
; Number of registers using Synchronous Clear  ; 0     ;
; Number of registers using Synchronous Load   ; 0     ;
; Number of registers using Asynchronous Clear ; 0     ;
; Number of registers using Asynchronous Load  ; 0     ;
; Number of registers using Clock Enable       ; 0     ;
; Number of registers using Preset             ; 0     ;
+----------------------------------------------+-------+


+------------------------------------------------+
; Port Connectivity Checks: "SixteenBitAdder:A0" ;
+----------+-------+----------+------------------+
; Port     ; Type  ; Severity ; Details          ;
+----------+-------+----------+------------------+
; b[15..1] ; Input ; Info     ; Stuck at GND     ;
; b[0]     ; Input ; Info     ; Stuck at VCC     ;
+----------+-------+----------+------------------+


+-------------------------------+
; Analysis & Synthesis Messages ;
+-------------------------------+
Info: *******************************************************************
Info: Running Quartus Prime Analysis & Synthesis
    Info: Version 18.1.0 Build 625 09/12/2018 SJ Lite Edition
    Info: Processing started: Thu Oct 14 19:11:08 2021
Info: Command: quartus_map --read_settings_files=on --write_settings_files=off SixteenBitTwosComp -c SixteenBitTwosComp
Warning (18236): Number of processors has not been specified which may cause overloading on shared machines.  Set the global assignment NUM_PARALLEL_PROCESSORS in your QSF to an appropriate value for best performance.
Info (20030): Parallel compilation is enabled and will use 12 of the 12 processors detected
Info (12021): Found 1 design units, including 1 entities, in source file sixteenbittwoscomp.v
    Info (12023): Found entity 1: SixteenBitTwosComp File: C:/Users/bboys/Documents/School Work/FALL 21/ECE 465/Project 1/SixteenBitTwosComp.v Line: 1
Info (12127): Elaborating entity "SixteenBitTwosComp" for the top level hierarchy
Warning (12125): Using design file sixteenbitinverter.v, which is not specified as a design file for the current project, but contains definitions for 1 design units and 1 entities in project
    Info (12023): Found entity 1: SixteenBitInverter File: C:/Users/bboys/Documents/School Work/FALL 21/ECE 465/Project 1/sixteenbitinverter.v Line: 1
Info (12128): Elaborating entity "SixteenBitInverter" for hierarchy "SixteenBitInverter:I0" File: C:/Users/bboys/Documents/School Work/FALL 21/ECE 465/Project 1/SixteenBitTwosComp.v Line: 9
Warning (12125): Using design file fourbitinverter.v, which is not specified as a design file for the current project, but contains definitions for 1 design units and 1 entities in project
    Info (12023): Found entity 1: FourBitInverter File: C:/Users/bboys/Documents/School Work/FALL 21/ECE 465/Project 1/fourbitinverter.v Line: 1
Info (12128): Elaborating entity "FourBitInverter" for hierarchy "SixteenBitInverter:I0|FourBitInverter:I0" File: C:/Users/bboys/Documents/School Work/FALL 21/ECE 465/Project 1/sixteenbitinverter.v Line: 5
Warning (12125): Using design file sixteenbitadder.v, which is not specified as a design file for the current project, but contains definitions for 1 design units and 1 entities in project
    Info (12023): Found entity 1: SixteenBitAdder File: C:/Users/bboys/Documents/School Work/FALL 21/ECE 465/Project 1/sixteenbitadder.v Line: 1
Info (12128): Elaborating entity "SixteenBitAdder" for hierarchy "SixteenBitAdder:A0" File: C:/Users/bboys/Documents/School Work/FALL 21/ECE 465/Project 1/SixteenBitTwosComp.v Line: 10
Warning (12125): Using design file fourbitadder.v, which is not specified as a design file for the current project, but contains definitions for 1 design units and 1 entities in project
    Info (12023): Found entity 1: FourBitAdder File: C:/Users/bboys/Documents/School Work/FALL 21/ECE 465/Project 1/fourbitadder.v Line: 1
Info (12128): Elaborating entity "FourBitAdder" for hierarchy "SixteenBitAdder:A0|FourBitAdder:U0" File: C:/Users/bboys/Documents/School Work/FALL 21/ECE 465/Project 1/sixteenbitadder.v Line: 12
Warning (12125): Using design file fulladder.v, which is not specified as a design file for the current project, but contains definitions for 1 design units and 1 entities in project
    Info (12023): Found entity 1: FullAdder File: C:/Users/bboys/Documents/School Work/FALL 21/ECE 465/Project 1/fulladder.v Line: 1
Info (12128): Elaborating entity "FullAdder" for hierarchy "SixteenBitAdder:A0|FourBitAdder:U0|FullAdder:U0" File: C:/Users/bboys/Documents/School Work/FALL 21/ECE 465/Project 1/fourbitadder.v Line: 12
Info (21057): Implemented 56 device resources after synthesis - the final resource count might be different
    Info (21058): Implemented 17 input pins
    Info (21059): Implemented 17 output pins
    Info (21061): Implemented 22 logic cells
Info: Quartus Prime Analysis & Synthesis was successful. 0 errors, 6 warnings
    Info: Peak virtual memory: 4701 megabytes
    Info: Processing ended: Thu Oct 14 19:11:17 2021
    Info: Elapsed time: 00:00:09
    Info: Total CPU time (on all processors): 00:00:20


